{"/Users/jelliotartz/Desktop/complete-intro-to-react/js/Search.js": {"path":"/Users/jelliotartz/Desktop/complete-intro-to-react/js/Search.js","statementMap":{"0":{"start":{"line":5,"column":15},"end":{"line":35,"column":2}},"1":{"start":{"line":7,"column":4},"end":{"line":9,"column":5}},"2":{"start":{"line":12,"column":4},"end":{"line":12,"column":51}},"3":{"start":{"line":15,"column":4},"end":{"line":33,"column":5}},"4":{"start":{"line":24,"column":14},"end":{"line":24,"column":120}},"5":{"start":{"line":27,"column":14},"end":{"line":29,"column":15}}},"fnMap":{"0":{"name":"(anonymous_0)","decl":{"start":{"line":23,"column":20},"end":{"line":23,"column":21}},"loc":{"start":{"line":23,"column":30},"end":{"line":25,"column":13}}},"1":{"name":"(anonymous_1)","decl":{"start":{"line":26,"column":17},"end":{"line":26,"column":18}},"loc":{"start":{"line":26,"column":27},"end":{"line":30,"column":13}}}},"branchMap":{},"s":{"0":1,"1":3,"2":1,"3":4,"4":84,"5":65},"f":{"0":84,"1":65},"b":{},"_coverageSchema":"332fd63041d2c1bcb487cc26dd0d5f7d97098a6c","hash":"c1cb71d6583c370ef838fa9ccbb04f053905a308"}
,"/Users/jelliotartz/Desktop/complete-intro-to-react/js/ShowCard.js": {"path":"/Users/jelliotartz/Desktop/complete-intro-to-react/js/ShowCard.js","statementMap":{"0":{"start":{"line":2,"column":19},"end":{"line":2,"column":34}},"1":{"start":{"line":4,"column":17},"end":{"line":25,"column":2}},"2":{"start":{"line":13,"column":49},"end":{"line":13,"column":59}},"3":{"start":{"line":14,"column":4},"end":{"line":23,"column":5}}},"fnMap":{},"branchMap":{},"s":{"0":2,"1":2,"2":1,"3":1},"f":{},"b":{},"_coverageSchema":"332fd63041d2c1bcb487cc26dd0d5f7d97098a6c","hash":"e68bf923bc8efa5a89984d123f33a31648a7cd2c"}
}
